<?xml version="1.0" encoding="UTF-8"?>
<testsuites>
  <testsuite name="Covid_Dashboard" timestamp="2020-05-31T11:43:29" time="4.449" tests="6" failures="0" errors="0" skipped="0">
    <properties>
      <property name="specId" value="0"/>
      <property name="suiteName" value="Covid Dashboard"/>
      <property name="capabilities" value="chrome.83_0_4103_61.macosx"/>
      <property name="file" value="./tests/validation.js"/>
    </properties>
    <testcase classname="chrome.83_0_4103_61.macosx.Covid_Dashboard" name="should_show_dashboard" time="0.25"/>
    <testcase classname="chrome.83_0_4103_61.macosx.Covid_Dashboard" name="Title_should_be_a_React_App" time="0.083"/>
    <testcase classname="chrome.83_0_4103_61.macosx.Covid_Dashboard" name="show_Infected_count" time="0.469"/>
    <testcase classname="chrome.83_0_4103_61.macosx.Covid_Dashboard" name="show_Recovered_count" time="0.063"/>
    <testcase classname="chrome.83_0_4103_61.macosx.Covid_Dashboard" name="show_Deaths_count" time="0.088"/>
    <testcase classname="chrome.83_0_4103_61.macosx.Covid_Dashboard" name="show_country_dropdown" time="0.035"/>
  </testsuite>
</testsuites>