<?xml version="1.0" encoding="UTF-8"?>
<testsuites>
  <testsuite name="Covid_Dashboard" timestamp="2020-05-31T11:43:35" time="18.889" tests="3" failures="0" errors="0" skipped="0">
    <properties>
      <property name="specId" value="0"/>
      <property name="suiteName" value="Covid Dashboard"/>
      <property name="capabilities" value="chrome.83_0_4103_61.macosx"/>
      <property name="file" value="./tests/ete.js"/>
    </properties>
    <testcase classname="chrome.83_0_4103_61.macosx.Covid_Dashboard" name="should_change_values_when_contry_changed_to_India" time="8.18"/>
    <testcase classname="chrome.83_0_4103_61.macosx.Covid_Dashboard" name="should_change_values_when_contry_changed_to_Global" time="5.121"/>
    <testcase classname="chrome.83_0_4103_61.macosx.Covid_Dashboard" name="should_scroll_to_chart_and_mouse_hover_on_chart" time="5.249"/>
  </testsuite>
</testsuites>